<?xml version="1.0" encoding="UTF-8"?>
<testng-results ignored="0" total="1" passed="1" failed="0" skipped="0">
  <reporter-output>
    <line>
      <![CDATA[Stock-000001204        Stock-000001606]]>
    </line>
    <line>
      <![CDATA[Stock number Should not Match expected [Stock-000001606] but found [Stock-000001204]]]>
    </line>
    <line>
      <![CDATA[Supplier-00000003414        Supplier-00000003414]]>
    </line>
  </reporter-output>
  <suite started-at="2024-05-27T13:49:55 IST" name="Surefire suite" finished-at="2024-05-27T13:50:46 IST" duration-ms="50927">
    <groups>
    </groups>
    <test started-at="2024-05-27T13:49:55 IST" name="Surefire test" finished-at="2024-05-27T13:50:46 IST" duration-ms="50927">
      <class name="driverFactory.AppTest">
        <test-method signature="kickTest()[pri:0, instance:driverFactory.AppTest@5bfa9431]" started-at="2024-05-27T13:49:55 IST" name="kickTest" finished-at="2024-05-27T13:50:46 IST" duration-ms="50890" status="PASS">
          <reporter-output>
            <line>
              <![CDATA[Stock-000001204        Stock-000001606]]>
            </line>
            <line>
              <![CDATA[Stock number Should not Match expected [Stock-000001606] but found [Stock-000001204]]]>
            </line>
            <line>
              <![CDATA[Supplier-00000003414        Supplier-00000003414]]>
            </line>
          </reporter-output>
        </test-method> <!-- kickTest -->
      </class> <!-- driverFactory.AppTest -->
    </test> <!-- Surefire test -->
  </suite> <!-- Surefire suite -->
</testng-results>
